{"/Users/mas/Desktop/oshiome_new/app/layout.tsx": {"path":"/Users/mas/Desktop/oshiome_new/app/layout.tsx","statementMap":{"0":{"start":{"line":5,"column":14},"end":{"line":5,"column":43}},"1":{"start":{"line":7,"column":34},"end":{"line":10,"column":1}},"2":{"start":{"line":17,"column":2},"end":{"line":21,"column":3}}},"fnMap":{"0":{"name":"RootLayout","decl":{"start":{"line":12,"column":24},"end":{"line":12,"column":34}},"loc":{"start":{"line":16,"column":3},"end":{"line":22,"column":1}},"line":16}},"branchMap":{},"s":{"0":0,"1":0,"2":0},"f":{"0":0},"b":{}}
,"/Users/mas/Desktop/oshiome_new/app/auth/callback/route.ts": {"path":"/Users/mas/Desktop/oshiome_new/app/auth/callback/route.ts","statementMap":{"0":{"start":{"line":6,"column":21},"end":{"line":6,"column":41}},"1":{"start":{"line":7,"column":15},"end":{"line":7,"column":50}},"2":{"start":{"line":9,"column":2},"end":{"line":12,"column":3}},"3":{"start":{"line":10,"column":21},"end":{"line":10,"column":58}},"4":{"start":{"line":11,"column":4},"end":{"line":11,"column":52}},"5":{"start":{"line":15,"column":2},"end":{"line":15,"column":63}}},"fnMap":{"0":{"name":"GET","decl":{"start":{"line":5,"column":22},"end":{"line":5,"column":25}},"loc":{"start":{"line":5,"column":44},"end":{"line":16,"column":1}},"line":5}},"branchMap":{"0":{"loc":{"start":{"line":9,"column":2},"end":{"line":12,"column":3}},"type":"if","locations":[{"start":{"line":9,"column":2},"end":{"line":12,"column":3}},{"start":{},"end":{}}],"line":9}},"s":{"0":2,"1":2,"2":2,"3":1,"4":1,"5":2},"f":{"0":2},"b":{"0":[1,1]},"_coverageSchema":"1a1c01bbd47fc00a2c39e90264f33305004495a9","hash":"6c0300bdcc1c90f29ca85fcb7c7e605d491faf03"}
,"/Users/mas/Desktop/oshiome_new/app/login/page.tsx": {"path":"/Users/mas/Desktop/oshiome_new/app/login/page.tsx","statementMap":{"0":{"start":{"line":5,"column":2},"end":{"line":19,"column":3}}},"fnMap":{"0":{"name":"LoginPage","decl":{"start":{"line":4,"column":24},"end":{"line":4,"column":33}},"loc":{"start":{"line":4,"column":36},"end":{"line":20,"column":1}},"line":4}},"branchMap":{},"s":{"0":0},"f":{"0":0},"b":{}}
,"/Users/mas/Desktop/oshiome_new/components/Auth.tsx": {"path":"/Users/mas/Desktop/oshiome_new/components/Auth.tsx","statementMap":{"0":{"start":{"line":9,"column":2},"end":{"line":36,"column":3}}},"fnMap":{"0":{"name":"AuthComponent","decl":{"start":{"line":8,"column":24},"end":{"line":8,"column":37}},"loc":{"start":{"line":8,"column":40},"end":{"line":37,"column":1}},"line":8}},"branchMap":{},"s":{"0":2},"f":{"0":2},"b":{},"_coverageSchema":"1a1c01bbd47fc00a2c39e90264f33305004495a9","hash":"441cceaa008c862a10b8c37d4221026f6dbf642d"}
,"/Users/mas/Desktop/oshiome_new/lib/supabase.ts": {"path":"/Users/mas/Desktop/oshiome_new/lib/supabase.ts","statementMap":{"0":{"start":{"line":3,"column":20},"end":{"line":3,"column":57}},"1":{"start":{"line":4,"column":24},"end":{"line":4,"column":66}},"2":{"start":{"line":6,"column":24},"end":{"line":6,"column":66}}},"fnMap":{},"branchMap":{},"s":{"0":4,"1":4,"2":4},"f":{},"b":{},"_coverageSchema":"1a1c01bbd47fc00a2c39e90264f33305004495a9","hash":"7ae25d1321e2656e441af4080ebb510a1b0b4c85"}
,"/Users/mas/Desktop/oshiome_new/lib/hooks/useAuth.ts": {"path":"/Users/mas/Desktop/oshiome_new/lib/hooks/useAuth.ts","statementMap":{"0":{"start":{"line":22,"column":36},"end":{"line":27,"column":4}},"1":{"start":{"line":29,"column":2},"end":{"line":58,"column":8}},"2":{"start":{"line":31,"column":4},"end":{"line":37,"column":6}},"3":{"start":{"line":32,"column":6},"end":{"line":36,"column":7}},"4":{"start":{"line":33,"column":8},"end":{"line":33,"column":34}},"5":{"start":{"line":35,"column":8},"end":{"line":35,"column":59}},"6":{"start":{"line":35,"column":30},"end":{"line":35,"column":57}},"7":{"start":{"line":40,"column":39},"end":{"line":53,"column":5}},"8":{"start":{"line":42,"column":8},"end":{"line":51,"column":9}},"9":{"start":{"line":43,"column":10},"end":{"line":43,"column":42}},"10":{"start":{"line":45,"column":10},"end":{"line":50,"column":12}},"11":{"start":{"line":55,"column":4},"end":{"line":57,"column":5}},"12":{"start":{"line":56,"column":6},"end":{"line":56,"column":32}},"13":{"start":{"line":60,"column":23},"end":{"line":83,"column":3}},"14":{"start":{"line":61,"column":4},"end":{"line":82,"column":5}},"15":{"start":{"line":62,"column":30},"end":{"line":66,"column":17}},"16":{"start":{"line":68,"column":6},"end":{"line":68,"column":28}},"17":{"start":{"line":68,"column":17},"end":{"line":68,"column":28}},"18":{"start":{"line":70,"column":6},"end":{"line":75,"column":8}},"19":{"start":{"line":77,"column":6},"end":{"line":81,"column":9}},"20":{"start":{"line":77,"column":28},"end":{"line":81,"column":7}},"21":{"start":{"line":85,"column":22},"end":{"line":85,"column":67}},"22":{"start":{"line":85,"column":28},"end":{"line":85,"column":67}},"23":{"start":{"line":86,"column":18},"end":{"line":86,"column":59}},"24":{"start":{"line":86,"column":24},"end":{"line":86,"column":59}},"25":{"start":{"line":87,"column":19},"end":{"line":87,"column":62}},"26":{"start":{"line":87,"column":25},"end":{"line":87,"column":62}},"27":{"start":{"line":89,"column":2},"end":{"line":97,"column":3}}},"fnMap":{"0":{"name":"useAuth","decl":{"start":{"line":21,"column":16},"end":{"line":21,"column":23}},"loc":{"start":{"line":21,"column":26},"end":{"line":98,"column":1}},"line":21},"1":{"name":"(anonymous_1)","decl":{"start":{"line":29,"column":12},"end":{"line":29,"column":13}},"loc":{"start":{"line":29,"column":18},"end":{"line":58,"column":3}},"line":29},"2":{"name":"(anonymous_2)","decl":{"start":{"line":31,"column":36},"end":{"line":31,"column":37}},"loc":{"start":{"line":31,"column":63},"end":{"line":37,"column":5}},"line":31},"3":{"name":"(anonymous_3)","decl":{"start":{"line":35,"column":21},"end":{"line":35,"column":22}},"loc":{"start":{"line":35,"column":30},"end":{"line":35,"column":57}},"line":35},"4":{"name":"(anonymous_4)","decl":{"start":{"line":41,"column":6},"end":{"line":41,"column":7}},"loc":{"start":{"line":41,"column":32},"end":{"line":52,"column":7}},"line":41},"5":{"name":"(anonymous_5)","decl":{"start":{"line":55,"column":11},"end":{"line":55,"column":12}},"loc":{"start":{"line":55,"column":17},"end":{"line":57,"column":5}},"line":55},"6":{"name":"(anonymous_6)","decl":{"start":{"line":60,"column":23},"end":{"line":60,"column":24}},"loc":{"start":{"line":60,"column":45},"end":{"line":83,"column":3}},"line":60},"7":{"name":"(anonymous_7)","decl":{"start":{"line":77,"column":19},"end":{"line":77,"column":20}},"loc":{"start":{"line":77,"column":28},"end":{"line":81,"column":7}},"line":77},"8":{"name":"(anonymous_8)","decl":{"start":{"line":85,"column":22},"end":{"line":85,"column":23}},"loc":{"start":{"line":85,"column":28},"end":{"line":85,"column":67}},"line":85},"9":{"name":"(anonymous_9)","decl":{"start":{"line":86,"column":18},"end":{"line":86,"column":19}},"loc":{"start":{"line":86,"column":24},"end":{"line":86,"column":59}},"line":86},"10":{"name":"(anonymous_10)","decl":{"start":{"line":87,"column":19},"end":{"line":87,"column":20}},"loc":{"start":{"line":87,"column":25},"end":{"line":87,"column":62}},"line":87}},"branchMap":{"0":{"loc":{"start":{"line":32,"column":6},"end":{"line":36,"column":7}},"type":"if","locations":[{"start":{"line":32,"column":6},"end":{"line":36,"column":7}},{"start":{"line":34,"column":13},"end":{"line":36,"column":7}}],"line":32},"1":{"loc":{"start":{"line":42,"column":8},"end":{"line":51,"column":9}},"type":"if","locations":[{"start":{"line":42,"column":8},"end":{"line":51,"column":9}},{"start":{"line":44,"column":15},"end":{"line":51,"column":9}}],"line":42},"2":{"loc":{"start":{"line":68,"column":6},"end":{"line":68,"column":28}},"type":"if","locations":[{"start":{"line":68,"column":6},"end":{"line":68,"column":28}},{"start":{},"end":{}}],"line":68},"3":{"loc":{"start":{"line":87,"column":25},"end":{"line":87,"column":62}},"type":"binary-expr","locations":[{"start":{"line":87,"column":25},"end":{"line":87,"column":53}},{"start":{"line":87,"column":57},"end":{"line":87,"column":62}}],"line":87}},"s":{"0":7,"1":7,"2":4,"3":4,"4":4,"5":0,"6":0,"7":4,"8":0,"9":0,"10":0,"11":4,"12":4,"13":7,"14":4,"15":4,"16":4,"17":0,"18":4,"19":0,"20":0,"21":7,"22":3,"23":7,"24":3,"25":7,"26":1,"27":7},"f":{"0":7,"1":4,"2":4,"3":0,"4":0,"5":4,"6":4,"7":0,"8":3,"9":3,"10":1},"b":{"0":[4,0],"1":[0,0],"2":[0,4],"3":[1,0]},"_coverageSchema":"1a1c01bbd47fc00a2c39e90264f33305004495a9","hash":"3f1060e05fbdc4068ff1ae06a5036b71fbaf04f1"}
}
