TN:
SF:app/layout.tsx
FN:12,RootLayout
FNF:1
FNH:0
FNDA:0,RootLayout
DA:5,0
DA:7,0
DA:17,0
LF:3
LH:0
BRF:0
BRH:0
end_of_record
TN:
SF:app/auth/callback/route.ts
FN:5,GET
FNF:1
FNH:1
FNDA:2,GET
DA:6,2
DA:7,2
DA:9,2
DA:10,1
DA:11,1
DA:15,2
LF:6
LH:6
BRDA:9,0,0,1
BRDA:9,0,1,1
BRF:2
BRH:2
end_of_record
TN:
SF:app/login/page.tsx
FN:4,LoginPage
FNF:1
FNH:0
FNDA:0,LoginPage
DA:5,0
LF:1
LH:0
BRF:0
BRH:0
end_of_record
TN:
SF:components/Auth.tsx
FN:8,AuthComponent
FNF:1
FNH:1
FNDA:2,AuthComponent
DA:9,2
LF:1
LH:1
BRF:0
BRH:0
end_of_record
TN:
SF:lib/supabase.ts
FNF:0
FNH:0
DA:3,4
DA:4,4
DA:6,4
LF:3
LH:3
BRF:0
BRH:0
end_of_record
TN:
SF:lib/hooks/useAuth.ts
FN:21,useAuth
FN:29,(anonymous_1)
FN:31,(anonymous_2)
FN:35,(anonymous_3)
FN:41,(anonymous_4)
FN:55,(anonymous_5)
FN:60,(anonymous_6)
FN:77,(anonymous_7)
FN:85,(anonymous_8)
FN:86,(anonymous_9)
FN:87,(anonymous_10)
FNF:11
FNH:8
FNDA:7,useAuth
FNDA:4,(anonymous_1)
FNDA:4,(anonymous_2)
FNDA:0,(anonymous_3)
FNDA:0,(anonymous_4)
FNDA:4,(anonymous_5)
FNDA:4,(anonymous_6)
FNDA:0,(anonymous_7)
FNDA:3,(anonymous_8)
FNDA:3,(anonymous_9)
FNDA:1,(anonymous_10)
DA:22,7
DA:29,7
DA:31,4
DA:32,4
DA:33,4
DA:35,0
DA:40,4
DA:42,0
DA:43,0
DA:45,0
DA:55,4
DA:56,4
DA:60,7
DA:61,4
DA:62,4
DA:68,4
DA:70,4
DA:77,0
DA:85,7
DA:86,7
DA:87,7
DA:89,7
LF:22
LH:17
BRDA:32,0,0,4
BRDA:32,0,1,0
BRDA:42,1,0,0
BRDA:42,1,1,0
BRDA:68,2,0,0
BRDA:68,2,1,4
BRDA:87,3,0,1
BRDA:87,3,1,0
BRF:8
BRH:3
end_of_record
